<?xml version="1.0" encoding="UTF-8"?>
<!-- Generated by org.testng.reporters.JUnitXMLReporter -->
<testsuite hostname="DESKTOP-OQFUAAD" failures="0" tests="7" name="Command line test" time="55.14" errors="0" timestamp="3 Jul 2021 11:16:01 GMT">
  <testcase classname="com.qa.hubspot.tests.HomePageTest" name="verifyAccountPageHeaderTest" time="5.136"/>
  <testcase classname="com.qa.hubspot.tests.LoginPageTest" name="verifyPageTitleTest" time="0.067"/>
  <testcase classname="com.qa.hubspot.tests.HomePageTest" name="verifyHomePageTitleTest" time="7.972"/>
  <testcase classname="com.qa.hubspot.tests.HomePageTest" name="verifyLoggedInUserName" time="0.047"/>
  <testcase classname="com.qa.hubspot.tests.LoginPageTest" name="verifySignInLinkTest" time="0.115"/>
  <testcase classname="com.qa.hubspot.tests.LoginPageTest" name="verifyLoginPageTitleTest" time="2.986"/>
  <testcase classname="com.qa.hubspot.tests.LoginPageTest" name="LoginTest" time="5.071"/>
</testsuite> <!-- Command line test -->
