<?xml version="1.0" encoding="UTF-8"?>
<!-- Generated by org.testng.reporters.JUnitXMLReporter -->
<testsuite hostname="DESKTOP-OQFUAAD" failures="0" tests="7" name="Functional Regression Test - FF" time="43.676" errors="0" timestamp="10 Jul 2021 18:55:12 GMT">
  <testcase classname="com.qa.automationpractice.tests.LoginPageTest" name="verifyPageTitleTest" time="0.077"/>
  <testcase classname="com.qa.automationpractice.tests.HomePageTest" name="verifyAccountPageHeaderTest" time="5.348"/>
  <testcase classname="com.qa.automationpractice.tests.HomePageTest" name="verifyHomePageTitleTest" time="7.975"/>
  <testcase classname="com.qa.automationpractice.tests.LoginPageTest" name="verifySignInLinkTest" time="0.088"/>
  <testcase classname="com.qa.automationpractice.tests.HomePageTest" name="verifyLoggedInUserName" time="0.034"/>
  <testcase classname="com.qa.automationpractice.tests.LoginPageTest" name="verifyLoginPageTitleTest" time="2.419"/>
  <testcase classname="com.qa.automationpractice.tests.LoginPageTest" name="LoginTest" time="3.714"/>
</testsuite> <!-- Functional Regression Test - FF -->
