<?xml version="1.0" encoding="UTF-8"?>
<testng-results total="7" passed="7" failed="0" skipped="0">
  <reporter-output>
  </reporter-output>
  <suite started-at="2021-07-03T11:15:05Z" name="Command line suite" finished-at="2021-07-03T11:16:00Z" duration-ms="55140">
    <groups>
    </groups>
    <test started-at="2021-07-03T11:15:05Z" name="Command line test" finished-at="2021-07-03T11:16:00Z" duration-ms="55140">
      <class name="com.qa.hubspot.tests.LoginPageTest">
        <test-method signature="verifyPageTitleTest()[pri:1, instance:com.qa.hubspot.tests.LoginPageTest@23d2a7e8]" started-at="2021-07-03T16:45:42Z" name="verifyPageTitleTest" finished-at="2021-07-03T16:45:42Z" duration-ms="67" status="PASS">
          <reporter-output>
          </reporter-output>
        </test-method> <!-- verifyPageTitleTest -->
        <test-method signature="verifySignInLinkTest()[pri:3, instance:com.qa.hubspot.tests.LoginPageTest@23d2a7e8]" started-at="2021-07-03T16:45:50Z" name="verifySignInLinkTest" finished-at="2021-07-03T16:45:51Z" duration-ms="115" status="PASS">
          <reporter-output>
          </reporter-output>
        </test-method> <!-- verifySignInLinkTest -->
        <test-method signature="verifyLoginPageTitleTest()[pri:4, instance:com.qa.hubspot.tests.LoginPageTest@23d2a7e8]" started-at="2021-07-03T16:45:51Z" name="verifyLoginPageTitleTest" finished-at="2021-07-03T16:45:54Z" duration-ms="2986" status="PASS">
          <reporter-output>
          </reporter-output>
        </test-method> <!-- verifyLoginPageTitleTest -->
        <test-method signature="LoginTest()[pri:6, instance:com.qa.hubspot.tests.LoginPageTest@23d2a7e8]" started-at="2021-07-03T16:45:54Z" name="LoginTest" finished-at="2021-07-03T16:45:59Z" duration-ms="5071" status="PASS">
          <reporter-output>
          </reporter-output>
        </test-method> <!-- LoginTest -->
      </class> <!-- com.qa.hubspot.tests.LoginPageTest -->
      <class name="com.qa.hubspot.tests.HomePageTest">
        <test-method is-config="true" signature="setUp()[pri:0, instance:com.qa.hubspot.tests.HomePageTest@687080dc]" started-at="2021-07-03T16:45:05Z" name="setUp" finished-at="2021-07-03T16:45:27Z" duration-ms="21777" status="PASS">
          <reporter-output>
          </reporter-output>
        </test-method> <!-- setUp -->
        <test-method is-config="true" signature="setUp()[pri:0, instance:com.qa.hubspot.tests.LoginPageTest@23d2a7e8]" started-at="2021-07-03T16:45:27Z" name="setUp" finished-at="2021-07-03T16:45:37Z" duration-ms="10086" status="PASS">
          <reporter-output>
          </reporter-output>
        </test-method> <!-- setUp -->
        <test-method signature="verifyAccountPageHeaderTest()[pri:1, instance:com.qa.hubspot.tests.HomePageTest@687080dc]" started-at="2021-07-03T16:45:37Z" name="verifyAccountPageHeaderTest" finished-at="2021-07-03T16:45:42Z" duration-ms="5136" status="PASS">
          <reporter-output>
          </reporter-output>
        </test-method> <!-- verifyAccountPageHeaderTest -->
        <test-method signature="verifyHomePageTitleTest()[pri:2, instance:com.qa.hubspot.tests.HomePageTest@687080dc]" started-at="2021-07-03T16:45:42Z" name="verifyHomePageTitleTest" finished-at="2021-07-03T16:45:50Z" duration-ms="7972" status="PASS">
          <reporter-output>
          </reporter-output>
        </test-method> <!-- verifyHomePageTitleTest -->
        <test-method signature="verifyLoggedInUserName()[pri:3, instance:com.qa.hubspot.tests.HomePageTest@687080dc]" started-at="2021-07-03T16:45:50Z" name="verifyLoggedInUserName" finished-at="2021-07-03T16:45:50Z" duration-ms="47" status="PASS">
          <reporter-output>
          </reporter-output>
        </test-method> <!-- verifyLoggedInUserName -->
        <test-method is-config="true" signature="tearDown()[pri:0, instance:com.qa.hubspot.tests.HomePageTest@687080dc]" started-at="2021-07-03T16:45:59Z" name="tearDown" finished-at="2021-07-03T16:45:59Z" duration-ms="877" status="PASS">
          <reporter-output>
          </reporter-output>
        </test-method> <!-- tearDown -->
        <test-method is-config="true" signature="tearDown()[pri:0, instance:com.qa.hubspot.tests.LoginPageTest@23d2a7e8]" started-at="2021-07-03T16:45:59Z" name="tearDown" finished-at="2021-07-03T16:46:00Z" duration-ms="971" status="PASS">
          <reporter-output>
          </reporter-output>
        </test-method> <!-- tearDown -->
      </class> <!-- com.qa.hubspot.tests.HomePageTest -->
    </test> <!-- Command line test -->
  </suite> <!-- Command line suite -->
</testng-results>
